<?xml version="1.0" encoding="UTF-8"?>
<!-- Generated by org.testng.reporters.JUnitXMLReporter -->
<testsuite ignored="2" hostname="DDC5-L-B1Z2NF2" failures="0" tests="1" name="BankManagerLoginTest" time="0.283" errors="0" timestamp="11 May 2021 10:07:32 GMT">
  <testcase classname="com.w2a.testcases.BankManagerLoginTest" name="loginAsBankManager" time="0.252"/>
  <testcase classname="com.w2a.base.TestBase" name="@BeforeSuite setUp" time="0.0">
    <ignored/>
  </testcase> <!-- @BeforeSuite setUp -->
  <testcase classname="com.w2a.base.TestBase" name="@AfterSuite tearDown" time="0.0">
    <ignored/>
  </testcase> <!-- @AfterSuite tearDown -->
</testsuite> <!-- BankManagerLoginTest -->
