<?xml version="1.0" encoding="UTF-8"?>
<!-- Generated by org.testng.reporters.JUnitXMLReporter -->
<testsuite ignored="2" hostname="DDC5-L-B1Z2NF2" failures="0" tests="1" name="LoginTest" time="0.34" errors="0" timestamp="06 May 2021 07:00:02 GMT">
  <testcase classname="com.w2a.testcases.LoginTest" name="loginAsBankManager" time="0.287"/>
  <testcase classname="com.w2a.base.TestBase" name="@BeforeSuite setUp" time="0.0">
    <ignored/>
  </testcase> <!-- @BeforeSuite setUp -->
  <testcase classname="com.w2a.base.TestBase" name="@AfterSuite tearDown" time="0.0">
    <ignored/>
  </testcase> <!-- @AfterSuite tearDown -->
</testsuite> <!-- LoginTest -->
