<?xml version="1.0" encoding="UTF-8"?>
<testsuite name="Add Customer Test"
           tests="2"
           failures="0"
           errors="0"
           skipped="2"
           time="0.000">
  <properties />
  
            <testcase name="addCustomer" time="0.0" classname="com.w2a.testcases.AddCustomerTest">
          <skipped />
    </testcase>
            <testcase name="addCustomer" time="0.0" classname="com.w2a.testcases.AddCustomerTest">
          <skipped />
    </testcase>
  
  
</testsuite>
